<?xml version="1.0" encoding="UTF-8"?>
<testExecutions version="1">
  <file path="C:\Users\R9787635\Documents\Projects Codes\NEO Platform\Neo-webapp\src\App.test.jsx">
  </file>
</testExecutions>